Logging to ./meta_offloading20_log-inner_step1/
avg greedy solution:  827.8765279039657

avg all remote solution:  1449.421876051085

avg all local solution:  1409.408304042816

Traceback (most recent call last):
  File "meta_trainer.py", line 277, in <module>
    clip_value=0.3)
TypeError: __init__() got an unexpected keyword argument 'meta_sampler'
/home/mehrdad/anaconda3/envs/tf-1.15-cpu/lib/python3.6/site-packages/gym/core.py:27: UserWarning: [33mWARN: Gym minimally supports python 3.6 as the python foundation not longer supports the version, please update your version to 3.7+[0m
  "Gym minimally supports python 3.6 as the python foundation not longer supports the version, please update your version to 3.7+"
WARNING:tensorflow:
The TensorFlow contrib module will not be included in TensorFlow 2.0.
For more information, please see:
  * https://github.com/tensorflow/community/blob/master/rfcs/20180907-contrib-sunset.md
  * https://github.com/tensorflow/addons
  * https://github.com/tensorflow/io (for I/O related ops)
If you depend on functionality not listed there, please file an issue.

WARNING:tensorflow:From /home/mehrdad/anaconda3/envs/tf-1.15-cpu/lib/python3.6/site-packages/tensorflow_core/contrib/layers/python/layers/layers.py:1866: Layer.apply (from tensorflow.python.keras.engine.base_layer) is deprecated and will be removed in a future version.
Instructions for updating:
Please use `layer.__call__` method instead.
WARNING:tensorflow:From tlbo_trainer.py:116: BasicLSTMCell.__init__ (from tensorflow.python.ops.rnn_cell_impl) is deprecated and will be removed in a future version.
Instructions for updating:
This class is equivalent as tf.keras.layers.LSTMCell, and will be replaced by that in Tensorflow 2.0.
WARNING:tensorflow:From tlbo_trainer.py:156: MultiRNNCell.__init__ (from tensorflow.python.ops.rnn_cell_impl) is deprecated and will be removed in a future version.
Instructions for updating:
This class is equivalent as tf.keras.layers.StackedRNNCells, and will be replaced by that in Tensorflow 2.0.
WARNING:tensorflow:From tlbo_trainer.py:218: dynamic_rnn (from tensorflow.python.ops.rnn) is deprecated and will be removed in a future version.
Instructions for updating:
Please use `keras.layers.RNN(cell)`, which is equivalent to this API
WARNING:tensorflow:From /home/mehrdad/anaconda3/envs/tf-1.15-cpu/lib/python3.6/site-packages/tensorflow_core/python/ops/rnn_cell_impl.py:735: Layer.add_variable (from tensorflow.python.keras.engine.base_layer) is deprecated and will be removed in a future version.
Instructions for updating:
Please use `layer.add_weight` method instead.
WARNING:tensorflow:From /home/mehrdad/anaconda3/envs/tf-1.15-cpu/lib/python3.6/site-packages/tensorflow_core/python/ops/rnn_cell_impl.py:739: calling Zeros.__init__ (from tensorflow.python.ops.init_ops) with dtype is deprecated and will be removed in a future version.
Instructions for updating:
Call initializer instance with the dtype argument instead of passing it to the constructor
WARNING:tensorflow:From /home/mehrdad/anaconda3/envs/tf-1.15-cpu/lib/python3.6/site-packages/tensorflow_core/contrib/seq2seq/python/ops/decoder.py:420: where (from tensorflow.python.ops.array_ops) is deprecated and will be removed in a future version.
Instructions for updating:
Use tf.where in 2.0, which has the same broadcast rule as np.where
WARNING:tensorflow:From tlbo_trainer.py:194: dense (from tensorflow.python.layers.core) is deprecated and will be removed in a future version.
Instructions for updating:
Use keras.layers.Dense instead.
WARNING:tensorflow:From tlbo_trainer.py:71: Categorical.__init__ (from tensorflow.python.ops.distributions.categorical) is deprecated and will be removed after 2019-01-01.
Instructions for updating:
The TensorFlow Distributions library has moved to TensorFlow Probability (https://github.com/tensorflow/probability). You should update all references to use `tfp.distributions` instead of `tf.distributions`.
WARNING:tensorflow:From /home/mehrdad/anaconda3/envs/tf-1.15-cpu/lib/python3.6/site-packages/tensorflow_core/python/ops/distributions/categorical.py:242: Distribution.__init__ (from tensorflow.python.ops.distributions.distribution) is deprecated and will be removed after 2019-01-01.
Instructions for updating:
The TensorFlow Distributions library has moved to TensorFlow Probability (https://github.com/tensorflow/probability). You should update all references to use `tfp.distributions` instead of `tf.distributions`.
WARNING:tensorflow:From /home/mehrdad/anaconda3/envs/tf-1.15-cpu/lib/python3.6/site-packages/tensorflow_core/python/ops/distributions/categorical.py:278: multinomial (from tensorflow.python.ops.random_ops) is deprecated and will be removed in a future version.
Instructions for updating:
Use `tf.random.categorical` instead.
2024-06-08 17:40:20.913542: I tensorflow/stream_executor/platform/default/dso_loader.cc:44] Successfully opened dynamic library libcuda.so.1
2024-06-08 17:40:20.921951: I tensorflow/stream_executor/cuda/cuda_gpu_executor.cc:983] successful NUMA node read from SysFS had negative value (-1), but there must be at least one NUMA node, so returning NUMA node zero
2024-06-08 17:40:20.922065: I tensorflow/core/common_runtime/gpu/gpu_device.cc:1618] Found device 0 with properties: 
name: NVIDIA GeForce RTX 3060 Laptop GPU major: 8 minor: 6 memoryClockRate(GHz): 1.425
pciBusID: 0000:01:00.0
2024-06-08 17:40:20.922119: W tensorflow/stream_executor/platform/default/dso_loader.cc:55] Could not load dynamic library 'libcudart.so.10.0'; dlerror: libcudart.so.10.0: cannot open shared object file: No such file or directory
2024-06-08 17:40:20.922146: W tensorflow/stream_executor/platform/default/dso_loader.cc:55] Could not load dynamic library 'libcublas.so.10.0'; dlerror: libcublas.so.10.0: cannot open shared object file: No such file or directory
2024-06-08 17:40:20.922169: W tensorflow/stream_executor/platform/default/dso_loader.cc:55] Could not load dynamic library 'libcufft.so.10.0'; dlerror: libcufft.so.10.0: cannot open shared object file: No such file or directory
2024-06-08 17:40:20.922191: W tensorflow/stream_executor/platform/default/dso_loader.cc:55] Could not load dynamic library 'libcurand.so.10.0'; dlerror: libcurand.so.10.0: cannot open shared object file: No such file or directory
2024-06-08 17:40:20.922213: W tensorflow/stream_executor/platform/default/dso_loader.cc:55] Could not load dynamic library 'libcusolver.so.10.0'; dlerror: libcusolver.so.10.0: cannot open shared object file: No such file or directory
2024-06-08 17:40:20.922236: W tensorflow/stream_executor/platform/default/dso_loader.cc:55] Could not load dynamic library 'libcusparse.so.10.0'; dlerror: libcusparse.so.10.0: cannot open shared object file: No such file or directory
2024-06-08 17:40:20.922258: W tensorflow/stream_executor/platform/default/dso_loader.cc:55] Could not load dynamic library 'libcudnn.so.7'; dlerror: libcudnn.so.7: cannot open shared object file: No such file or directory
2024-06-08 17:40:20.922261: W tensorflow/core/common_runtime/gpu/gpu_device.cc:1641] Cannot dlopen some GPU libraries. Please make sure the missing libraries mentioned above are installed properly if you would like to use GPU. Follow the guide at https://www.tensorflow.org/install/gpu for how to download and setup the required libraries for your platform.
Skipping registering GPU devices...
2024-06-08 17:40:20.922423: I tensorflow/core/platform/cpu_feature_guard.cc:142] Your CPU supports instructions that this TensorFlow binary was not compiled to use: AVX2 FMA
2024-06-08 17:40:20.928497: I tensorflow/core/platform/profile_utils/cpu_utils.cc:94] CPU Frequency: 2918400000 Hz
2024-06-08 17:40:20.929931: I tensorflow/compiler/xla/service/service.cc:168] XLA service 0x5597969ac330 initialized for platform Host (this does not guarantee that XLA will be used). Devices:
2024-06-08 17:40:20.929952: I tensorflow/compiler/xla/service/service.cc:176]   StreamExecutor device (0): Host, Default Version
2024-06-08 17:40:20.977025: I tensorflow/stream_executor/cuda/cuda_gpu_executor.cc:983] successful NUMA node read from SysFS had negative value (-1), but there must be at least one NUMA node, so returning NUMA node zero
2024-06-08 17:40:20.977306: I tensorflow/compiler/xla/service/service.cc:168] XLA service 0x559795979750 initialized for platform CUDA (this does not guarantee that XLA will be used). Devices:
2024-06-08 17:40:20.977328: I tensorflow/compiler/xla/service/service.cc:176]   StreamExecutor device (0): NVIDIA GeForce RTX 3060 Laptop GPU, Compute Capability 8.6
2024-06-08 17:40:20.977388: I tensorflow/core/common_runtime/gpu/gpu_device.cc:1159] Device interconnect StreamExecutor with strength 1 edge matrix:
2024-06-08 17:40:20.977391: I tensorflow/core/common_runtime/gpu/gpu_device.cc:1165]      
WARNING:tensorflow:From tlbo_trainer.py:815: The name tf.global_variables_initializer is deprecated. Please use tf.compat.v1.global_variables_initializer instead.

